<?xml version="1.0" encoding="UTF-8"?>
<!-- Generated by org.testng.reporters.JUnitXMLReporter -->
<testsuite ignored="0" hostname="DESKTOP-D9TNES5" failures="1" tests="6" name="Log in scenarios" time="24.422" errors="0" timestamp="2024-06-25T16:42:45 IST">
  <testcase classname="class52_testngbasics.AssignmentOne" name="verifyText" time="0.098"/>
  <testcase classname="class52_testngbasics.AssignmentOne" name="verifyErrorMessageOne" time="0.169"/>
  <testcase classname="class52_testngbasics.AssignmentOne" name="verifyErrorMessageTwo" time="0.269"/>
  <testcase classname="class52_testngbasics.AssignmentOne" name="verifyErrorMessageThree" time="0.252"/>
  <testcase classname="class52_testngbasics.AssignmentOne" name="verifyErrorMessageFour" time="0.745">
    <failure type="java.lang.AssertionError" message="doesn&amp;apos;t contain Email and Password expected [true] but found [false]">
      <![CDATA[java.lang.AssertionError: doesn't contain Email and Password expected [true] but found [false]
at class52_testngbasics.AssignmentOne.verifyErrorMessageFour(AssignmentOne.java:83)
at java.base/java.util.ArrayList.forEach(ArrayList.java:1511)
... Removed 30 stack frames]]>
    </failure>
  </testcase> <!-- verifyErrorMessageFour -->
  <testcase classname="class52_testngbasics.AssignmentOne" name="verifyErrorMessageFive" time="2.72"/>
</testsuite> <!-- Log in scenarios -->
